1612365823707	geckodriver	INFO	Listening on 127.0.0.1:51557
1612365823723	mozrunner::runner	INFO	Running command: "/usr/bin/firefox" "--marionette" "-foreground" "-no-remote" "-profile" "/tmp/rust_mozprofiledPWJO3"

(firefox:2242437): Gtk-WARNING **: 17:23:44.204: Theme directory actions/22-night of theme Mojave-CT-Night-Mode has no size field


(firefox:2242437): Gtk-WARNING **: 17:23:44.214: Theme directory panel/22 of theme Mojave-CT-Night-Mode has no size field

console.warn: SearchSettings: "get: No settings file exists, new profile?" (new Error("", "(unknown module)"))
console.warn: SearchSettings: "get: No settings file exists, new profile?" (new Error("", "(unknown module)"))
1612365825974	Marionette	INFO	Listening on port 34257
1612365826050	Marionette	WARN	TLS certificate errors will be ignored for this session
1612365826063	Marionette	ERROR	[15] No reply from Marionette:Register
JavaScript warning: http://localhost:2202/js/vendors-node_modules_amcharts_amcharts4_themes_animated_js-node_modules_dialog-polyfill_dist_-f7b226.chunk.js line 6708 > eval, line 30: WebGL warning: texImage: Alpha-premult and y-flip are deprecated for non-DOM-Element uploads.
JavaScript warning: http://localhost:2202/js/vendors-node_modules_amcharts_amcharts4_themes_animated_js-node_modules_dialog-polyfill_dist_-f7b226.chunk.js line 6708 > eval, line 30: WebGL warning: texImage: Alpha-premult and y-flip are deprecated for non-DOM-Element uploads.
JavaScript warning: http://localhost:2202/js/vendors-node_modules_amcharts_amcharts4_themes_animated_js-node_modules_dialog-polyfill_dist_-f7b226.chunk.js line 6708 > eval, line 30: WebGL warning: texImage: Alpha-premult and y-flip are deprecated for non-DOM-Element uploads.
1612365835308	Marionette	ERROR	[2147483649] No reply from Marionette:Register
JavaScript warning: http://localhost:2202/js/vendors-node_modules_amcharts_amcharts4_themes_animated_js-node_modules_dialog-polyfill_dist_-f7b226.chunk.js line 6708 > eval, line 30: WebGL warning: texImage: Alpha-premult and y-flip are deprecated for non-DOM-Element uploads.
JavaScript warning: http://localhost:2202/js/vendors-node_modules_amcharts_amcharts4_themes_animated_js-node_modules_dialog-polyfill_dist_-f7b226.chunk.js line 6708 > eval, line 30: WebGL warning: texImage: Alpha-premult and y-flip are deprecated for non-DOM-Element uploads.
JavaScript warning: http://localhost:2202/js/vendors-node_modules_amcharts_amcharts4_themes_animated_js-node_modules_dialog-polyfill_dist_-f7b226.chunk.js line 6708 > eval, line 30: WebGL warning: texImage: Alpha-premult and y-flip are deprecated for non-DOM-Element uploads.
JavaScript warning: http://localhost:2202/js/vendors-node_modules_amcharts_amcharts4_themes_animated_js-node_modules_dialog-polyfill_dist_-f7b226.chunk.js line 6708 > eval, line 30: WebGL warning: texImage: Alpha-premult and y-flip are deprecated for non-DOM-Element uploads.
JavaScript warning: http://localhost:2202/js/vendors-node_modules_amcharts_amcharts4_themes_animated_js-node_modules_dialog-polyfill_dist_-f7b226.chunk.js line 6708 > eval, line 30: WebGL warning: texImage: Alpha-premult and y-flip are deprecated for non-DOM-Element uploads.
JavaScript warning: http://localhost:2202/js/vendors-node_modules_amcharts_amcharts4_themes_animated_js-node_modules_dialog-polyfill_dist_-f7b226.chunk.js line 6708 > eval, line 30: WebGL warning: texImage: Alpha-premult and y-flip are deprecated for non-DOM-Element uploads.
JavaScript warning: http://localhost:2202/js/vendors-node_modules_amcharts_amcharts4_themes_animated_js-node_modules_dialog-polyfill_dist_-f7b226.chunk.js line 6708 > eval, line 30: WebGL warning: texImage: Alpha-premult and y-flip are deprecated for non-DOM-Element uploads.
JavaScript error: , line 0: NotFoundError: No such JSWindowActor 'MarionetteEvents'
1612365858540	Marionette	INFO	Stopped listening on port 34257
